Building DAG of jobs...
Using shell: /bin/bash
Provided cores: 4
Rules claiming more threads will be scaled down.
Job stats:
job                  count    min threads    max threads
-----------------  -------  -------------  -------------
all                      1              1              1
filter_alignments        2              1              1
total                    3              1              1

Resources before job selection: {'_cores': 4, '_nodes': 9223372036854775807}
Ready jobs (2):
	filter_alignments
	filter_alignments
Select jobs to execute...
Selected jobs (2):
	filter_alignments
	filter_alignments
Resources after job selection: {'_cores': 2, '_nodes': 9223372036854775805}

[Thu Aug 25 15:11:37 2022]
rule filter_alignments:
    input: test/bam/raw/lib002.bam, test/inputs/keep.bed
    output: test/bam/frag/lib002_filt.bam
    jobid: 2
    wildcards: library_id=lib002
    resources: tmpdir=/tmp, mem_mb=5000


        workflow/scripts/filter_alignments.sh test/bam/raw/lib002.bam                                               test/inputs/keep.bed                                               test/tmp                                               4                                               test/bam/frag/lib002_filt.bam
        
 singularity  exec --home /home/jeszyman/repos/cfdna-frag --bind /home/jeszyman:/home/jeszyman --bind /mnt:/mnt --bind /opt/miniconda3/envs/snakemake/lib/python3.9/site-packages:/mnt/snakemake ${HOME}/sing_containers/cfdna_wgs.1.0.0.sif bash -c 'workflow/scripts/filter_alignments.sh test/bam/raw/lib002.bam                                               test/inputs/keep.bed                                               test/tmp                                               4                                               test/bam/frag/lib002_filt.bam'
Activating singularity image ${HOME}/sing_containers/cfdna_wgs.1.0.0.sif

[Thu Aug 25 15:11:37 2022]
rule filter_alignments:
    input: test/bam/raw/lib001.bam, test/inputs/keep.bed
    output: test/bam/frag/lib001_filt.bam
    jobid: 1
    wildcards: library_id=lib001
    resources: tmpdir=/tmp, mem_mb=5000


        workflow/scripts/filter_alignments.sh test/bam/raw/lib001.bam                                               test/inputs/keep.bed                                               test/tmp                                               4                                               test/bam/frag/lib001_filt.bam
        
 singularity  exec --home /home/jeszyman/repos/cfdna-frag --bind /home/jeszyman:/home/jeszyman --bind /mnt:/mnt --bind /opt/miniconda3/envs/snakemake/lib/python3.9/site-packages:/mnt/snakemake ${HOME}/sing_containers/cfdna_wgs.1.0.0.sif bash -c 'workflow/scripts/filter_alignments.sh test/bam/raw/lib001.bam                                               test/inputs/keep.bed                                               test/tmp                                               4                                               test/bam/frag/lib001_filt.bam'
Activating singularity image ${HOME}/sing_containers/cfdna_wgs.1.0.0.sif
[Thu Aug 25 15:11:37 2022]
Finished job 1.
1 of 3 steps (33%) done
[Thu Aug 25 15:11:37 2022]
Finished job 2.
2 of 3 steps (67%) done
Resources before job selection: {'_cores': 4, '_nodes': 9223372036854775807}
Ready jobs (1):
	all
Select jobs to execute...
Selected jobs (1):
	all
Resources after job selection: {'_cores': 3, '_nodes': 9223372036854775806}

[Thu Aug 25 15:11:37 2022]
localrule all:
    input: test/bam/frag/lib001_filt.bam, test/bam/frag/lib002_filt.bam
    jobid: 0
    resources: tmpdir=/tmp

[Thu Aug 25 15:11:37 2022]
Finished job 0.
3 of 3 steps (100%) done
Complete log: /home/jeszyman/repos/cfdna-frag/.snakemake/log/2022-08-25T151137.167920.snakemake.log
unlocking
removing lock
removing lock
removed all locks
