Building DAG of jobs...
Using shell: /bin/bash
Provided cores: 4
Rules claiming more threads will be scaled down.
Job stats:
job                  count    min threads    max threads
-----------------  -------  -------------  -------------
all                      1              1              1
filter_alignments        2              1              1
read_to_frag_bed         2              1              1
total                    5              1              1

Resources before job selection: {'_cores': 4, '_nodes': 9223372036854775807}
Ready jobs (2):
	filter_alignments
	filter_alignments
Select jobs to execute...
Selected jobs (2):
	filter_alignments
	filter_alignments
Resources after job selection: {'_cores': 2, '_nodes': 9223372036854775805}

[Thu Aug 25 16:13:52 2022]
rule filter_alignments:
    input: test/bam/raw/lib002.bam, test/inputs/keep.bed
    output: test/bam/frag/lib002_filt.bam
    jobid: 2
    wildcards: library_id=lib002
    resources: tmpdir=/tmp, mem_mb=5000


        workflow/scripts/filter_alignments.sh         test/bam/raw/lib002.bam         test/inputs/keep.bed         test/tmp         4         test/bam/frag/lib002_filt.bam
        
 singularity  exec --home /home/jeszyman/repos/cfdna-frag --bind /home/jeszyman:/home/jeszyman --bind /mnt:/mnt --bind /opt/miniconda3/envs/snakemake/lib/python3.9/site-packages:/mnt/snakemake ${HOME}/sing_containers/cfdna_wgs.1.0.0.sif bash -c 'workflow/scripts/filter_alignments.sh         test/bam/raw/lib002.bam         test/inputs/keep.bed         test/tmp         4         test/bam/frag/lib002_filt.bam'
Activating singularity image ${HOME}/sing_containers/cfdna_wgs.1.0.0.sif

[Thu Aug 25 16:13:52 2022]
rule filter_alignments:
    input: test/bam/raw/lib001.bam, test/inputs/keep.bed
    output: test/bam/frag/lib001_filt.bam
    jobid: 1
    wildcards: library_id=lib001
    resources: tmpdir=/tmp, mem_mb=5000


        workflow/scripts/filter_alignments.sh         test/bam/raw/lib001.bam         test/inputs/keep.bed         test/tmp         4         test/bam/frag/lib001_filt.bam
        
 singularity  exec --home /home/jeszyman/repos/cfdna-frag --bind /home/jeszyman:/home/jeszyman --bind /mnt:/mnt --bind /opt/miniconda3/envs/snakemake/lib/python3.9/site-packages:/mnt/snakemake ${HOME}/sing_containers/cfdna_wgs.1.0.0.sif bash -c 'workflow/scripts/filter_alignments.sh         test/bam/raw/lib001.bam         test/inputs/keep.bed         test/tmp         4         test/bam/frag/lib001_filt.bam'
Activating singularity image ${HOME}/sing_containers/cfdna_wgs.1.0.0.sif
[Thu Aug 25 16:13:52 2022]
Finished job 2.
1 of 5 steps (20%) done
Resources before job selection: {'_cores': 3, '_nodes': 9223372036854775806}
Ready jobs (1):
	read_to_frag_bed
Select jobs to execute...
Selected jobs (1):
	read_to_frag_bed
Resources after job selection: {'_cores': 2, '_nodes': 9223372036854775805}

[Thu Aug 25 16:13:52 2022]
rule read_to_frag_bed:
    input: test/bam/frag/lib002_filt.bam
    output: test/frag/lib002_frag.bed
    jobid: 4
    wildcards: library_id=lib002
    resources: tmpdir=/tmp, mem_mb=5000


        workflow/scripts/read_to_frag_bed.sh 	test/bam/frag/lib002_filt.bam         /mnt/ris/aadel/mpnst/inputs/GCA_000001405.15_GRCh38_no_alt_analysis_set.fna         test/frag/lib002_frag.bed
        
 singularity  exec --home /home/jeszyman/repos/cfdna-frag --bind /home/jeszyman:/home/jeszyman --bind /mnt:/mnt --bind /opt/miniconda3/envs/snakemake/lib/python3.9/site-packages:/mnt/snakemake ${HOME}/sing_containers/cfdna_wgs.1.0.0.sif bash -c 'workflow/scripts/read_to_frag_bed.sh 	test/bam/frag/lib002_filt.bam         /mnt/ris/aadel/mpnst/inputs/GCA_000001405.15_GRCh38_no_alt_analysis_set.fna         test/frag/lib002_frag.bed'
Activating singularity image ${HOME}/sing_containers/cfdna_wgs.1.0.0.sif
[Thu Aug 25 16:13:52 2022]
Finished job 1.
2 of 5 steps (40%) done
Resources before job selection: {'_cores': 3, '_nodes': 9223372036854775806}
Ready jobs (1):
	read_to_frag_bed
Select jobs to execute...
Selected jobs (1):
	read_to_frag_bed
Resources after job selection: {'_cores': 2, '_nodes': 9223372036854775805}

[Thu Aug 25 16:13:52 2022]
rule read_to_frag_bed:
    input: test/bam/frag/lib001_filt.bam
    output: test/frag/lib001_frag.bed
    jobid: 3
    wildcards: library_id=lib001
    resources: tmpdir=/tmp, mem_mb=5000


        workflow/scripts/read_to_frag_bed.sh 	test/bam/frag/lib001_filt.bam         /mnt/ris/aadel/mpnst/inputs/GCA_000001405.15_GRCh38_no_alt_analysis_set.fna         test/frag/lib001_frag.bed
        
 singularity  exec --home /home/jeszyman/repos/cfdna-frag --bind /home/jeszyman:/home/jeszyman --bind /mnt:/mnt --bind /opt/miniconda3/envs/snakemake/lib/python3.9/site-packages:/mnt/snakemake ${HOME}/sing_containers/cfdna_wgs.1.0.0.sif bash -c 'workflow/scripts/read_to_frag_bed.sh 	test/bam/frag/lib001_filt.bam         /mnt/ris/aadel/mpnst/inputs/GCA_000001405.15_GRCh38_no_alt_analysis_set.fna         test/frag/lib001_frag.bed'
Activating singularity image ${HOME}/sing_containers/cfdna_wgs.1.0.0.sif
[Thu Aug 25 16:14:00 2022]
Finished job 3.
3 of 5 steps (60%) done
[Thu Aug 25 16:14:00 2022]
Finished job 4.
4 of 5 steps (80%) done
Resources before job selection: {'_cores': 4, '_nodes': 9223372036854775807}
Ready jobs (1):
	all
Select jobs to execute...
Selected jobs (1):
	all
Resources after job selection: {'_cores': 3, '_nodes': 9223372036854775806}

[Thu Aug 25 16:14:00 2022]
localrule all:
    input: test/bam/frag/lib001_filt.bam, test/bam/frag/lib002_filt.bam, test/frag/lib001_frag.bed, test/frag/lib002_frag.bed
    jobid: 0
    resources: tmpdir=/tmp

[Thu Aug 25 16:14:00 2022]
Finished job 0.
5 of 5 steps (100%) done
Complete log: /home/jeszyman/repos/cfdna-frag/.snakemake/log/2022-08-25T161352.015856.snakemake.log
unlocking
removing lock
removing lock
removed all locks
